<?xml version="1.0" encoding="UTF-8"?>
<!-- Generated by org.testng.reporters.JUnitReportReporter -->
<testsuite skipped="0" hostname="PC-PC" name="lazada.vn.testcases.HomePageTest" tests="2" failures="0" timestamp="23 May 2019 07:46:17 GMT" time="24.477" errors="0">
  <testcase name="searchProductWithKeywordTest" time="17.259" classname="lazada.vn.testcases.HomePageTest"/>
  <testcase name="checkTitleHomePageTest" time="7.218" classname="lazada.vn.testcases.HomePageTest"/>
</testsuite> <!-- lazada.vn.testcases.HomePageTest -->
